<?xml version="1.0" encoding="UTF-8"?>
<!-- Generated by org.testng.reporters.JUnitReportReporter -->
<testsuite hostname="TUR-TRI-L156" failures="1" tests="1" name="addItemToCart.addItemToCart" time="6.923" errors="0" timestamp="2020-08-07T16:18:47 EET" skipped="0">
  <testcase classname="addItemToCart.addItemToCart" name="buyABookWithMoneyTransfer" time="6.923">
    <failure message="Text  Expected: is &quot;Üye Giriş Sayfası &amp; Üye Ol - Hepsiburada&quot; but: was &quot;Türkiye&#039;nin En Büyük Online Alışveriş Sitesi Hepsiburada.com&quot;" type="java.lang.AssertionError">
      <![CDATA[java.lang.AssertionError: Text  Expected: is "Üye Giriş Sayfası & Üye Ol - Hepsiburada" but: was "Türkiye'nin En Büyük Online Alışveriş Sitesi Hepsiburada.com"
at utils.random.matcher.Matcher.assertThat(Matcher.java:12)
at pages.common.commonPage.verifyString(commonPage.java:37)
at addItemToCart.addItemToCart.buyABookWithMoneyTransfer(addItemToCart.java:40)
at java.base/jdk.internal.reflect.NativeMethodAccessorImpl.invoke0(Native Method)
at java.base/jdk.internal.reflect.NativeMethodAccessorImpl.invoke(NativeMethodAccessorImpl.java:62)
at java.base/jdk.internal.reflect.DelegatingMethodAccessorImpl.invoke(DelegatingMethodAccessorImpl.java:43)
at java.base/java.lang.reflect.Method.invoke(Method.java:566)
at org.testng.internal.MethodInvocationHelper.invokeMethod(MethodInvocationHelper.java:134)
at org.testng.internal.TestInvoker.invokeMethod(TestInvoker.java:597)
at org.testng.internal.TestInvoker.invokeTestMethod(TestInvoker.java:173)
at org.testng.internal.MethodRunner.runInSequence(MethodRunner.java:46)
at org.testng.internal.TestInvoker$MethodInvocationAgent.invoke(TestInvoker.java:816)
at org.testng.internal.TestInvoker.invokeTestMethods(TestInvoker.java:146)
at org.testng.internal.TestMethodWorker.invokeTestMethods(TestMethodWorker.java:146)
at org.testng.internal.TestMethodWorker.run(TestMethodWorker.java:128)
at java.base/java.util.concurrent.ThreadPoolExecutor.runWorker(ThreadPoolExecutor.java:1128)
at java.base/java.util.concurrent.ThreadPoolExecutor$Worker.run(ThreadPoolExecutor.java:628)
at java.base/java.lang.Thread.run(Thread.java:834)
]]>
    </failure>
  </testcase> <!-- buyABookWithMoneyTransfer -->
  <system-out/>
</testsuite> <!-- addItemToCart.addItemToCart -->
